{"C:\\WebApps\\zara-products-layouts\\src\\main.tsx": {"path":"C:\\WebApps\\zara-products-layouts\\src\\main.tsx","all":true,"statementMap":{"0":{"start":{"line":1,"column":0},"end":{"line":1,"column":46}},"1":{"start":{"line":2,"column":0},"end":{"line":2,"column":37}},"2":{"start":{"line":3,"column":0},"end":{"line":3,"column":42}},"3":{"start":{"line":4,"column":0},"end":{"line":4,"column":30}},"5":{"start":{"line":6,"column":0},"end":{"line":6,"column":52}},"6":{"start":{"line":7,"column":0},"end":{"line":7,"column":15}},"7":{"start":{"line":8,"column":0},"end":{"line":8,"column":17}},"8":{"start":{"line":9,"column":0},"end":{"line":9,"column":17}},"9":{"start":{"line":10,"column":0},"end":{"line":10,"column":2}}},"s":{"0":0,"1":0,"2":0,"3":0,"5":0,"6":0,"7":0,"8":0,"9":0},"branchMap":{"0":{"type":"branch","line":1,"loc":{"start":{"line":1,"column":233},"end":{"line":10,"column":-181}},"locations":[{"start":{"line":1,"column":233},"end":{"line":10,"column":-181}}]}},"b":{"0":[0]},"fnMap":{"0":{"name":"(empty-report)","decl":{"start":{"line":1,"column":233},"end":{"line":10,"column":-181}},"loc":{"start":{"line":1,"column":233},"end":{"line":10,"column":-181}},"line":1}},"f":{"0":0}}
,"C:\\WebApps\\zara-products-layouts\\src\\routes.tsx": {"path":"C:\\WebApps\\zara-products-layouts\\src\\routes.tsx","all":true,"statementMap":{"0":{"start":{"line":1,"column":0},"end":{"line":1,"column":49}},"1":{"start":{"line":2,"column":0},"end":{"line":2,"column":33}},"2":{"start":{"line":3,"column":0},"end":{"line":3,"column":29}},"4":{"start":{"line":5,"column":0},"end":{"line":5,"column":75}},"5":{"start":{"line":6,"column":0},"end":{"line":6,"column":68}},"7":{"start":{"line":8,"column":0},"end":{"line":8,"column":32}},"8":{"start":{"line":9,"column":0},"end":{"line":9,"column":10}},"9":{"start":{"line":10,"column":0},"end":{"line":10,"column":12}},"10":{"start":{"line":11,"column":0},"end":{"line":11,"column":36}},"11":{"start":{"line":12,"column":0},"end":{"line":12,"column":68}},"12":{"start":{"line":13,"column":0},"end":{"line":13,"column":14}},"13":{"start":{"line":14,"column":0},"end":{"line":14,"column":13}},"15":{"start":{"line":16,"column":0},"end":{"line":16,"column":2}}},"s":{"0":0,"1":0,"2":0,"4":0,"5":0,"7":0,"8":0,"9":0,"10":0,"11":0,"12":0,"13":0,"15":0},"branchMap":{"0":{"type":"branch","line":1,"loc":{"start":{"line":1,"column":416},"end":{"line":16,"column":-330}},"locations":[{"start":{"line":1,"column":416},"end":{"line":16,"column":-330}}]}},"b":{"0":[0]},"fnMap":{"0":{"name":"(empty-report)","decl":{"start":{"line":1,"column":416},"end":{"line":16,"column":-330}},"loc":{"start":{"line":1,"column":416},"end":{"line":16,"column":-330}},"line":1}},"f":{"0":0}}
,"C:\\WebApps\\zara-products-layouts\\src\\components\\product-card\\product-card.component.tsx": {"path":"C:\\WebApps\\zara-products-layouts\\src\\components\\product-card\\product-card.component.tsx","all":false,"statementMap":{"2":{"start":{"line":3,"column":0},"end":{"line":3,"column":79}},"9":{"start":{"line":10,"column":0},"end":{"line":10,"column":68}},"10":{"start":{"line":11,"column":0},"end":{"line":11,"column":58}},"12":{"start":{"line":13,"column":0},"end":{"line":13,"column":10}},"13":{"start":{"line":14,"column":0},"end":{"line":14,"column":71}},"14":{"start":{"line":15,"column":0},"end":{"line":15,"column":16}},"15":{"start":{"line":16,"column":0},"end":{"line":16,"column":10}},"16":{"start":{"line":17,"column":0},"end":{"line":17,"column":24}},"17":{"start":{"line":18,"column":0},"end":{"line":18,"column":19}},"18":{"start":{"line":19,"column":0},"end":{"line":19,"column":49}},"19":{"start":{"line":20,"column":0},"end":{"line":20,"column":47}},"20":{"start":{"line":21,"column":0},"end":{"line":21,"column":13}},"22":{"start":{"line":23,"column":0},"end":{"line":23,"column":21}},"24":{"start":{"line":25,"column":0},"end":{"line":25,"column":50}},"25":{"start":{"line":26,"column":0},"end":{"line":26,"column":67}},"26":{"start":{"line":27,"column":0},"end":{"line":27,"column":24}},"27":{"start":{"line":28,"column":0},"end":{"line":28,"column":15}},"28":{"start":{"line":29,"column":0},"end":{"line":29,"column":32}},"29":{"start":{"line":30,"column":0},"end":{"line":30,"column":11}},"31":{"start":{"line":32,"column":0},"end":{"line":32,"column":14}},"33":{"start":{"line":34,"column":0},"end":{"line":34,"column":2}},"35":{"start":{"line":36,"column":0},"end":{"line":36,"column":27}}},"s":{"2":1,"9":1,"10":7,"12":7,"13":7,"14":7,"15":7,"16":7,"17":2,"18":2,"19":2,"20":2,"22":2,"24":7,"25":7,"26":7,"27":7,"28":7,"29":7,"31":7,"33":7,"35":1},"branchMap":{"0":{"type":"branch","line":10,"loc":{"start":{"line":10,"column":43},"end":{"line":34,"column":2}},"locations":[{"start":{"line":10,"column":43},"end":{"line":34,"column":2}}]},"1":{"type":"branch","line":17,"loc":{"start":{"line":17,"column":11},"end":{"line":23,"column":21}},"locations":[{"start":{"line":17,"column":11},"end":{"line":23,"column":21}}]},"2":{"type":"branch","line":20,"loc":{"start":{"line":20,"column":23},"end":{"line":20,"column":47}},"locations":[{"start":{"line":20,"column":23},"end":{"line":20,"column":47}}]}},"b":{"0":[7],"1":[2],"2":[1]},"fnMap":{"0":{"name":"ProductCard","decl":{"start":{"line":10,"column":43},"end":{"line":34,"column":2}},"loc":{"start":{"line":10,"column":43},"end":{"line":34,"column":2}},"line":10},"1":{"name":"onClick","decl":{"start":{"line":20,"column":23},"end":{"line":20,"column":47}},"loc":{"start":{"line":20,"column":23},"end":{"line":20,"column":47}},"line":20}},"f":{"0":7,"1":1}}
,"C:\\WebApps\\zara-products-layouts\\src\\components\\product-card\\hooks\\use-product-card.controller.ts": {"path":"C:\\WebApps\\zara-products-layouts\\src\\components\\product-card\\hooks\\use-product-card.controller.ts","all":false,"statementMap":{"0":{"start":{"line":1,"column":0},"end":{"line":1,"column":45}},"1":{"start":{"line":2,"column":0},"end":{"line":2,"column":49}},"2":{"start":{"line":3,"column":0},"end":{"line":3,"column":31}},"4":{"start":{"line":5,"column":0},"end":{"line":5,"column":67}},"6":{"start":{"line":7,"column":0},"end":{"line":7,"column":61}},"7":{"start":{"line":8,"column":0},"end":{"line":8,"column":44}},"8":{"start":{"line":9,"column":0},"end":{"line":9,"column":40}},"9":{"start":{"line":10,"column":0},"end":{"line":10,"column":41}},"10":{"start":{"line":11,"column":0},"end":{"line":11,"column":12}},"11":{"start":{"line":12,"column":0},"end":{"line":12,"column":41}},"12":{"start":{"line":13,"column":0},"end":{"line":13,"column":57}},"13":{"start":{"line":14,"column":0},"end":{"line":14,"column":28}},"14":{"start":{"line":15,"column":0},"end":{"line":15,"column":30}},"15":{"start":{"line":16,"column":0},"end":{"line":16,"column":48}},"16":{"start":{"line":17,"column":0},"end":{"line":17,"column":9}},"17":{"start":{"line":18,"column":0},"end":{"line":18,"column":7}},"18":{"start":{"line":19,"column":0},"end":{"line":19,"column":11}},"19":{"start":{"line":20,"column":0},"end":{"line":20,"column":4}},"22":{"start":{"line":23,"column":0},"end":{"line":23,"column":31}},"23":{"start":{"line":24,"column":0},"end":{"line":24,"column":12}},"24":{"start":{"line":25,"column":0},"end":{"line":25,"column":43}},"25":{"start":{"line":26,"column":0},"end":{"line":26,"column":66}},"26":{"start":{"line":27,"column":0},"end":{"line":27,"column":62}},"27":{"start":{"line":28,"column":0},"end":{"line":28,"column":44}},"28":{"start":{"line":29,"column":0},"end":{"line":29,"column":8}},"29":{"start":{"line":30,"column":0},"end":{"line":30,"column":7}},"30":{"start":{"line":31,"column":0},"end":{"line":31,"column":11}},"31":{"start":{"line":32,"column":0},"end":{"line":32,"column":4}},"33":{"start":{"line":34,"column":0},"end":{"line":34,"column":15}},"34":{"start":{"line":35,"column":0},"end":{"line":35,"column":15}},"36":{"start":{"line":37,"column":0},"end":{"line":37,"column":10}},"37":{"start":{"line":38,"column":0},"end":{"line":38,"column":8}},"38":{"start":{"line":39,"column":0},"end":{"line":39,"column":12}},"39":{"start":{"line":40,"column":0},"end":{"line":40,"column":4}},"40":{"start":{"line":41,"column":0},"end":{"line":41,"column":2}}},"s":{"0":1,"1":1,"2":1,"4":1,"6":1,"7":7,"8":7,"9":7,"10":7,"11":7,"12":7,"13":7,"14":7,"15":14,"16":14,"17":7,"18":7,"19":7,"22":7,"23":7,"24":7,"25":7,"26":0,"27":0,"28":0,"29":7,"30":7,"31":7,"33":7,"34":7,"36":7,"37":7,"38":7,"39":7,"40":7},"branchMap":{"0":{"type":"branch","line":7,"loc":{"start":{"line":7,"column":40},"end":{"line":41,"column":2}},"locations":[{"start":{"line":7,"column":40},"end":{"line":41,"column":2}}]},"1":{"type":"branch","line":11,"loc":{"start":{"line":11,"column":4},"end":{"line":18,"column":7}},"locations":[{"start":{"line":11,"column":4},"end":{"line":18,"column":7}}]},"2":{"type":"branch","line":15,"loc":{"start":{"line":15,"column":15},"end":{"line":17,"column":9}},"locations":[{"start":{"line":15,"column":15},"end":{"line":17,"column":9}}]},"3":{"type":"branch","line":16,"loc":{"start":{"line":16,"column":36},"end":{"line":16,"column":46}},"locations":[{"start":{"line":16,"column":36},"end":{"line":16,"column":46}}]},"4":{"type":"branch","line":24,"loc":{"start":{"line":24,"column":4},"end":{"line":30,"column":7}},"locations":[{"start":{"line":24,"column":4},"end":{"line":30,"column":7}}]}},"b":{"0":[7],"1":[7],"2":[14],"3":[0],"4":[7]},"fnMap":{"0":{"name":"useProductCardController","decl":{"start":{"line":7,"column":40},"end":{"line":41,"column":2}},"loc":{"start":{"line":7,"column":40},"end":{"line":41,"column":2}},"line":7},"1":{"name":"canDrag","decl":{"start":{"line":14,"column":15},"end":{"line":14,"column":28}},"loc":{"start":{"line":14,"column":15},"end":{"line":14,"column":28}},"line":14},"2":{"name":"collect","decl":{"start":{"line":15,"column":15},"end":{"line":17,"column":9}},"loc":{"start":{"line":15,"column":15},"end":{"line":17,"column":9}},"line":15},"3":{"name":"drop","decl":{"start":{"line":26,"column":12},"end":{"line":29,"column":8}},"loc":{"start":{"line":26,"column":12},"end":{"line":29,"column":8}},"line":26}},"f":{"0":7,"1":0,"2":14,"3":0}}
,"C:\\WebApps\\zara-products-layouts\\src\\layouts\\main-layout\\main-layout.tsx": {"path":"C:\\WebApps\\zara-products-layouts\\src\\layouts\\main-layout\\main-layout.tsx","all":false,"statementMap":{"1":{"start":{"line":2,"column":0},"end":{"line":2,"column":48}},"2":{"start":{"line":3,"column":0},"end":{"line":3,"column":37}},"4":{"start":{"line":5,"column":0},"end":{"line":5,"column":30}},"5":{"start":{"line":6,"column":0},"end":{"line":6,"column":10}},"6":{"start":{"line":7,"column":0},"end":{"line":7,"column":6}},"7":{"start":{"line":8,"column":0},"end":{"line":8,"column":36}},"8":{"start":{"line":9,"column":0},"end":{"line":9,"column":40}},"9":{"start":{"line":10,"column":0},"end":{"line":10,"column":14}},"10":{"start":{"line":11,"column":0},"end":{"line":11,"column":39}},"11":{"start":{"line":12,"column":0},"end":{"line":12,"column":34}},"12":{"start":{"line":13,"column":0},"end":{"line":13,"column":27}},"13":{"start":{"line":14,"column":0},"end":{"line":14,"column":12}},"14":{"start":{"line":15,"column":0},"end":{"line":15,"column":42}},"15":{"start":{"line":16,"column":0},"end":{"line":16,"column":44}},"16":{"start":{"line":17,"column":0},"end":{"line":17,"column":57}},"17":{"start":{"line":18,"column":0},"end":{"line":18,"column":17}},"18":{"start":{"line":19,"column":0},"end":{"line":19,"column":15}},"19":{"start":{"line":20,"column":0},"end":{"line":20,"column":14}},"20":{"start":{"line":21,"column":0},"end":{"line":21,"column":15}},"21":{"start":{"line":22,"column":0},"end":{"line":22,"column":12}},"22":{"start":{"line":23,"column":0},"end":{"line":23,"column":18}},"23":{"start":{"line":24,"column":0},"end":{"line":24,"column":13}},"24":{"start":{"line":25,"column":0},"end":{"line":25,"column":7}},"26":{"start":{"line":27,"column":0},"end":{"line":27,"column":2}},"27":{"start":{"line":28,"column":0},"end":{"line":28,"column":26}}},"s":{"1":1,"2":1,"4":1,"5":2,"6":2,"7":2,"8":2,"9":2,"10":2,"11":2,"12":2,"13":2,"14":2,"15":2,"16":2,"17":2,"18":2,"19":2,"20":2,"21":2,"22":2,"23":2,"24":2,"26":2,"27":1},"branchMap":{"0":{"type":"branch","line":5,"loc":{"start":{"line":5,"column":23},"end":{"line":27,"column":2}},"locations":[{"start":{"line":5,"column":23},"end":{"line":27,"column":2}}]}},"b":{"0":[2]},"fnMap":{"0":{"name":"MainLayout","decl":{"start":{"line":5,"column":23},"end":{"line":27,"column":2}},"loc":{"start":{"line":5,"column":23},"end":{"line":27,"column":2}},"line":5}},"f":{"0":2}}
,"C:\\WebApps\\zara-products-layouts\\src\\models\\index.ts": {"path":"C:\\WebApps\\zara-products-layouts\\src\\models\\index.ts","all":true,"statementMap":{"0":{"start":{"line":1,"column":0},"end":{"line":1,"column":37}},"1":{"start":{"line":2,"column":0},"end":{"line":2,"column":37}}},"s":{"0":0,"1":0},"branchMap":{"0":{"type":"branch","line":1,"loc":{"start":{"line":1,"column":0},"end":{"line":2,"column":-1}},"locations":[{"start":{"line":1,"column":0},"end":{"line":2,"column":-1}}]}},"b":{"0":[0]},"fnMap":{"0":{"name":"(empty-report)","decl":{"start":{"line":1,"column":0},"end":{"line":2,"column":-1}},"loc":{"start":{"line":1,"column":0},"end":{"line":2,"column":-1}},"line":1}},"f":{"0":0}}
,"C:\\WebApps\\zara-products-layouts\\src\\models\\product-card.model.ts": {"path":"C:\\WebApps\\zara-products-layouts\\src\\models\\product-card.model.ts","all":true,"statementMap":{},"s":{},"branchMap":{"0":{"type":"branch","line":1,"loc":{"start":{"line":1,"column":98},"end":{"line":6,"column":1}},"locations":[{"start":{"line":1,"column":98},"end":{"line":6,"column":1}}]}},"b":{"0":[1]},"fnMap":{"0":{"name":"(empty-report)","decl":{"start":{"line":1,"column":98},"end":{"line":6,"column":1}},"loc":{"start":{"line":1,"column":98},"end":{"line":6,"column":1}},"line":1}},"f":{"0":1}}
,"C:\\WebApps\\zara-products-layouts\\src\\models\\product-file.model.ts": {"path":"C:\\WebApps\\zara-products-layouts\\src\\models\\product-file.model.ts","all":true,"statementMap":{},"s":{},"branchMap":{"0":{"type":"branch","line":1,"loc":{"start":{"line":1,"column":168},"end":{"line":7,"column":1}},"locations":[{"start":{"line":1,"column":168},"end":{"line":7,"column":1}}]}},"b":{"0":[1]},"fnMap":{"0":{"name":"(empty-report)","decl":{"start":{"line":1,"column":168},"end":{"line":7,"column":1}},"loc":{"start":{"line":1,"column":168},"end":{"line":7,"column":1}},"line":1}},"f":{"0":1}}
,"C:\\WebApps\\zara-products-layouts\\src\\pages\\editor\\editor.page.tsx": {"path":"C:\\WebApps\\zara-products-layouts\\src\\pages\\editor\\editor.page.tsx","all":false,"statementMap":{"0":{"start":{"line":1,"column":0},"end":{"line":1,"column":55}},"1":{"start":{"line":2,"column":0},"end":{"line":2,"column":79}},"2":{"start":{"line":3,"column":0},"end":{"line":3,"column":40}},"3":{"start":{"line":4,"column":0},"end":{"line":4,"column":75}},"4":{"start":{"line":5,"column":0},"end":{"line":5,"column":55}},"5":{"start":{"line":6,"column":0},"end":{"line":6,"column":76}},"6":{"start":{"line":7,"column":0},"end":{"line":7,"column":78}},"7":{"start":{"line":8,"column":0},"end":{"line":8,"column":98}},"9":{"start":{"line":10,"column":0},"end":{"line":10,"column":26}},"10":{"start":{"line":11,"column":0},"end":{"line":11,"column":66}},"11":{"start":{"line":12,"column":0},"end":{"line":12,"column":10}},"12":{"start":{"line":13,"column":0},"end":{"line":13,"column":36}},"13":{"start":{"line":14,"column":0},"end":{"line":14,"column":40}},"14":{"start":{"line":15,"column":0},"end":{"line":15,"column":42}},"15":{"start":{"line":16,"column":0},"end":{"line":16,"column":52}},"16":{"start":{"line":17,"column":0},"end":{"line":17,"column":80}},"17":{"start":{"line":18,"column":0},"end":{"line":18,"column":61}},"18":{"start":{"line":19,"column":0},"end":{"line":19,"column":50}},"19":{"start":{"line":20,"column":0},"end":{"line":20,"column":63}},"20":{"start":{"line":21,"column":0},"end":{"line":21,"column":15}},"21":{"start":{"line":22,"column":0},"end":{"line":22,"column":16}},"22":{"start":{"line":23,"column":0},"end":{"line":23,"column":18}},"23":{"start":{"line":24,"column":0},"end":{"line":24,"column":23}},"24":{"start":{"line":25,"column":0},"end":{"line":25,"column":74}},"25":{"start":{"line":26,"column":0},"end":{"line":26,"column":30}},"26":{"start":{"line":27,"column":0},"end":{"line":27,"column":12}},"27":{"start":{"line":28,"column":0},"end":{"line":28,"column":41}},"28":{"start":{"line":29,"column":0},"end":{"line":29,"column":69}},"29":{"start":{"line":30,"column":0},"end":{"line":30,"column":32}},"30":{"start":{"line":31,"column":0},"end":{"line":31,"column":36}},"31":{"start":{"line":32,"column":0},"end":{"line":32,"column":52}},"32":{"start":{"line":33,"column":0},"end":{"line":33,"column":42}},"33":{"start":{"line":34,"column":0},"end":{"line":34,"column":76}},"34":{"start":{"line":35,"column":0},"end":{"line":35,"column":23}},"35":{"start":{"line":36,"column":0},"end":{"line":36,"column":24}},"36":{"start":{"line":37,"column":0},"end":{"line":37,"column":37}},"37":{"start":{"line":38,"column":0},"end":{"line":38,"column":33}},"38":{"start":{"line":39,"column":0},"end":{"line":39,"column":22}},"39":{"start":{"line":40,"column":0},"end":{"line":40,"column":78}},"40":{"start":{"line":41,"column":0},"end":{"line":41,"column":13}},"42":{"start":{"line":43,"column":0},"end":{"line":43,"column":20}},"43":{"start":{"line":44,"column":0},"end":{"line":44,"column":10}},"45":{"start":{"line":46,"column":0},"end":{"line":46,"column":2}},"47":{"start":{"line":48,"column":0},"end":{"line":48,"column":26}}},"s":{"0":1,"1":1,"2":1,"3":1,"4":1,"5":1,"6":1,"7":1,"9":1,"10":5,"11":5,"12":5,"13":5,"14":5,"15":5,"16":5,"17":5,"18":5,"19":2,"20":5,"21":5,"22":5,"23":5,"24":5,"25":5,"26":1,"27":1,"28":1,"29":1,"30":1,"31":1,"32":1,"33":1,"34":1,"35":1,"36":1,"37":1,"38":1,"39":1,"40":1,"42":5,"43":5,"45":5,"47":1},"branchMap":{"0":{"type":"branch","line":10,"loc":{"start":{"line":10,"column":19},"end":{"line":46,"column":2}},"locations":[{"start":{"line":10,"column":19},"end":{"line":46,"column":2}}]},"1":{"type":"branch","line":26,"loc":{"start":{"line":26,"column":24},"end":{"line":41,"column":13}},"locations":[{"start":{"line":26,"column":24},"end":{"line":41,"column":13}}]},"2":{"type":"branch","line":19,"loc":{"start":{"line":19,"column":36},"end":{"line":20,"column":63}},"locations":[{"start":{"line":19,"column":36},"end":{"line":20,"column":63}}]},"3":{"type":"branch","line":33,"loc":{"start":{"line":33,"column":31},"end":{"line":34,"column":76}},"locations":[{"start":{"line":33,"column":31},"end":{"line":34,"column":76}}]}},"b":{"0":[5],"1":[1],"2":[2],"3":[1]},"fnMap":{"0":{"name":"EditorPage","decl":{"start":{"line":10,"column":19},"end":{"line":46,"column":2}},"loc":{"start":{"line":10,"column":19},"end":{"line":46,"column":2}},"line":10}},"f":{"0":5}}
,"C:\\WebApps\\zara-products-layouts\\src\\pages\\editor\\components\\file-management-form\\file-management-form.component.tsx": {"path":"C:\\WebApps\\zara-products-layouts\\src\\pages\\editor\\components\\file-management-form\\file-management-form.component.tsx","all":false,"statementMap":{"7":{"start":{"line":8,"column":0},"end":{"line":8,"column":65}},"8":{"start":{"line":9,"column":0},"end":{"line":9,"column":16}},"9":{"start":{"line":10,"column":0},"end":{"line":10,"column":11}},"10":{"start":{"line":11,"column":0},"end":{"line":11,"column":7}},"11":{"start":{"line":12,"column":0},"end":{"line":12,"column":68}},"12":{"start":{"line":13,"column":0},"end":{"line":13,"column":23}},"13":{"start":{"line":14,"column":0},"end":{"line":14,"column":51}},"14":{"start":{"line":15,"column":0},"end":{"line":15,"column":74}},"15":{"start":{"line":16,"column":0},"end":{"line":16,"column":23}},"16":{"start":{"line":17,"column":0},"end":{"line":17,"column":4}},"17":{"start":{"line":18,"column":0},"end":{"line":18,"column":10}},"18":{"start":{"line":19,"column":0},"end":{"line":19,"column":9}},"19":{"start":{"line":20,"column":0},"end":{"line":20,"column":41}},"20":{"start":{"line":21,"column":0},"end":{"line":21,"column":32}},"21":{"start":{"line":22,"column":0},"end":{"line":22,"column":17}},"23":{"start":{"line":24,"column":0},"end":{"line":24,"column":75}},"25":{"start":{"line":26,"column":0},"end":{"line":26,"column":14}},"26":{"start":{"line":27,"column":0},"end":{"line":27,"column":13}},"27":{"start":{"line":28,"column":0},"end":{"line":28,"column":51}},"28":{"start":{"line":29,"column":0},"end":{"line":29,"column":23}},"29":{"start":{"line":30,"column":0},"end":{"line":30,"column":21}},"31":{"start":{"line":32,"column":0},"end":{"line":32,"column":42}},"32":{"start":{"line":33,"column":0},"end":{"line":33,"column":46}},"33":{"start":{"line":34,"column":0},"end":{"line":34,"column":44}},"34":{"start":{"line":35,"column":0},"end":{"line":35,"column":15}},"35":{"start":{"line":36,"column":0},"end":{"line":36,"column":72}},"36":{"start":{"line":37,"column":0},"end":{"line":37,"column":23}},"37":{"start":{"line":38,"column":0},"end":{"line":38,"column":15}},"38":{"start":{"line":39,"column":0},"end":{"line":39,"column":11}},"40":{"start":{"line":41,"column":0},"end":{"line":41,"column":2}},"42":{"start":{"line":43,"column":0},"end":{"line":43,"column":34}}},"s":{"7":1,"8":8,"9":8,"10":8,"11":8,"12":1,"13":1,"14":1,"15":1,"16":1,"17":8,"18":8,"19":8,"20":8,"21":8,"23":8,"25":8,"26":8,"27":8,"28":8,"29":8,"31":8,"32":8,"33":8,"34":8,"35":8,"36":8,"37":8,"38":8,"40":8,"42":1},"branchMap":{"0":{"type":"branch","line":8,"loc":{"start":{"line":8,"column":63},"end":{"line":41,"column":2}},"locations":[{"start":{"line":8,"column":63},"end":{"line":41,"column":2}}]},"1":{"type":"branch","line":12,"loc":{"start":{"line":12,"column":26},"end":{"line":17,"column":4}},"locations":[{"start":{"line":12,"column":26},"end":{"line":17,"column":4}}]}},"b":{"0":[8],"1":[1]},"fnMap":{"0":{"name":"FileManagementForm","decl":{"start":{"line":8,"column":63},"end":{"line":41,"column":2}},"loc":{"start":{"line":8,"column":63},"end":{"line":41,"column":2}},"line":8},"1":{"name":"onSubmitHandler","decl":{"start":{"line":12,"column":26},"end":{"line":17,"column":4}},"loc":{"start":{"line":12,"column":26},"end":{"line":17,"column":4}},"line":12}},"f":{"0":8,"1":1}}
,"C:\\WebApps\\zara-products-layouts\\src\\pages\\editor\\components\\product-file\\product-file.component.tsx": {"path":"C:\\WebApps\\zara-products-layouts\\src\\pages\\editor\\components\\product-file\\product-file.component.tsx","all":false,"statementMap":{"1":{"start":{"line":2,"column":0},"end":{"line":2,"column":79}},"2":{"start":{"line":3,"column":0},"end":{"line":3,"column":85}},"4":{"start":{"line":5,"column":0},"end":{"line":5,"column":88}},"6":{"start":{"line":7,"column":0},"end":{"line":7,"column":71}},"7":{"start":{"line":8,"column":0},"end":{"line":8,"column":9}},"8":{"start":{"line":9,"column":0},"end":{"line":9,"column":21}},"9":{"start":{"line":10,"column":0},"end":{"line":10,"column":12}},"10":{"start":{"line":11,"column":0},"end":{"line":11,"column":23}},"11":{"start":{"line":12,"column":0},"end":{"line":12,"column":26}},"12":{"start":{"line":13,"column":0},"end":{"line":13,"column":13}},"13":{"start":{"line":14,"column":0},"end":{"line":14,"column":18}},"14":{"start":{"line":15,"column":0},"end":{"line":15,"column":32}},"15":{"start":{"line":16,"column":0},"end":{"line":16,"column":7}},"16":{"start":{"line":17,"column":0},"end":{"line":17,"column":13}},"17":{"start":{"line":18,"column":0},"end":{"line":18,"column":13}},"18":{"start":{"line":19,"column":0},"end":{"line":19,"column":5}},"20":{"start":{"line":21,"column":0},"end":{"line":21,"column":10}},"21":{"start":{"line":22,"column":0},"end":{"line":22,"column":8}},"22":{"start":{"line":23,"column":0},"end":{"line":23,"column":28}},"23":{"start":{"line":24,"column":0},"end":{"line":24,"column":36}},"24":{"start":{"line":25,"column":0},"end":{"line":25,"column":25}},"26":{"start":{"line":27,"column":0},"end":{"line":27,"column":29}},"27":{"start":{"line":28,"column":0},"end":{"line":28,"column":71}},"29":{"start":{"line":30,"column":0},"end":{"line":30,"column":49}},"30":{"start":{"line":31,"column":0},"end":{"line":31,"column":37}},"31":{"start":{"line":32,"column":0},"end":{"line":32,"column":74}},"32":{"start":{"line":33,"column":0},"end":{"line":33,"column":14}},"34":{"start":{"line":35,"column":0},"end":{"line":35,"column":10}},"35":{"start":{"line":36,"column":0},"end":{"line":36,"column":88}},"37":{"start":{"line":38,"column":0},"end":{"line":38,"column":37}},"38":{"start":{"line":39,"column":0},"end":{"line":39,"column":22}},"39":{"start":{"line":40,"column":0},"end":{"line":40,"column":29}},"40":{"start":{"line":41,"column":0},"end":{"line":41,"column":26}},"41":{"start":{"line":42,"column":0},"end":{"line":42,"column":36}},"42":{"start":{"line":43,"column":0},"end":{"line":43,"column":12}},"43":{"start":{"line":44,"column":0},"end":{"line":44,"column":11}},"44":{"start":{"line":45,"column":0},"end":{"line":45,"column":12}},"45":{"start":{"line":46,"column":0},"end":{"line":46,"column":10}},"47":{"start":{"line":48,"column":0},"end":{"line":48,"column":2}},"49":{"start":{"line":50,"column":0},"end":{"line":50,"column":27}}},"s":{"1":1,"2":1,"4":1,"6":1,"7":1,"8":1,"9":1,"10":1,"11":1,"12":1,"13":1,"14":1,"15":1,"16":1,"17":1,"18":1,"20":1,"21":1,"22":1,"23":1,"24":1,"26":1,"27":0,"29":1,"30":1,"31":1,"32":1,"34":1,"35":1,"37":1,"38":1,"39":1,"40":1,"41":1,"42":1,"43":1,"44":1,"45":1,"47":1,"49":1},"branchMap":{"0":{"type":"branch","line":7,"loc":{"start":{"line":7,"column":38},"end":{"line":48,"column":2}},"locations":[{"start":{"line":7,"column":38},"end":{"line":48,"column":2}}]},"1":{"type":"branch","line":27,"loc":{"start":{"line":27,"column":7},"end":{"line":28,"column":71}},"locations":[{"start":{"line":27,"column":7},"end":{"line":28,"column":71}}]},"2":{"type":"branch","line":38,"loc":{"start":{"line":38,"column":23},"end":{"line":43,"column":12}},"locations":[{"start":{"line":38,"column":23},"end":{"line":43,"column":12}}]}},"b":{"0":[1],"1":[0],"2":[1]},"fnMap":{"0":{"name":"ProductFile","decl":{"start":{"line":7,"column":38},"end":{"line":48,"column":2}},"loc":{"start":{"line":7,"column":38},"end":{"line":48,"column":2}},"line":7}},"f":{"0":1}}
,"C:\\WebApps\\zara-products-layouts\\src\\pages\\editor\\components\\product-file\\hooks\\use-product-file.controller.ts": {"path":"C:\\WebApps\\zara-products-layouts\\src\\pages\\editor\\components\\product-file\\hooks\\use-product-file.controller.ts","all":false,"statementMap":{"0":{"start":{"line":1,"column":0},"end":{"line":1,"column":45}},"1":{"start":{"line":2,"column":0},"end":{"line":2,"column":55}},"2":{"start":{"line":3,"column":0},"end":{"line":3,"column":52}},"3":{"start":{"line":4,"column":0},"end":{"line":4,"column":64}},"6":{"start":{"line":7,"column":0},"end":{"line":7,"column":65}},"7":{"start":{"line":8,"column":0},"end":{"line":8,"column":80}},"8":{"start":{"line":9,"column":0},"end":{"line":9,"column":9}},"9":{"start":{"line":10,"column":0},"end":{"line":10,"column":15}},"10":{"start":{"line":11,"column":0},"end":{"line":11,"column":14}},"11":{"start":{"line":12,"column":0},"end":{"line":12,"column":29}},"12":{"start":{"line":13,"column":0},"end":{"line":13,"column":23}},"13":{"start":{"line":14,"column":0},"end":{"line":14,"column":18}},"14":{"start":{"line":15,"column":0},"end":{"line":15,"column":23}},"15":{"start":{"line":16,"column":0},"end":{"line":16,"column":56}},"17":{"start":{"line":18,"column":0},"end":{"line":18,"column":31}},"18":{"start":{"line":19,"column":0},"end":{"line":19,"column":12}},"19":{"start":{"line":20,"column":0},"end":{"line":20,"column":75}},"20":{"start":{"line":21,"column":0},"end":{"line":21,"column":20}},"23":{"start":{"line":24,"column":0},"end":{"line":24,"column":13}},"24":{"start":{"line":25,"column":0},"end":{"line":25,"column":57}},"25":{"start":{"line":26,"column":0},"end":{"line":26,"column":48}},"26":{"start":{"line":27,"column":0},"end":{"line":27,"column":60}},"27":{"start":{"line":28,"column":0},"end":{"line":28,"column":53}},"28":{"start":{"line":29,"column":0},"end":{"line":29,"column":49}},"29":{"start":{"line":30,"column":0},"end":{"line":30,"column":64}},"30":{"start":{"line":31,"column":0},"end":{"line":31,"column":60}},"31":{"start":{"line":32,"column":0},"end":{"line":32,"column":43}},"32":{"start":{"line":33,"column":0},"end":{"line":33,"column":9}},"33":{"start":{"line":34,"column":0},"end":{"line":34,"column":8}},"34":{"start":{"line":35,"column":0},"end":{"line":35,"column":7}},"35":{"start":{"line":36,"column":0},"end":{"line":36,"column":60}},"36":{"start":{"line":37,"column":0},"end":{"line":37,"column":4}},"38":{"start":{"line":39,"column":0},"end":{"line":39,"column":49}},"39":{"start":{"line":40,"column":0},"end":{"line":40,"column":39}},"40":{"start":{"line":41,"column":0},"end":{"line":41,"column":55}},"41":{"start":{"line":42,"column":0},"end":{"line":42,"column":28}},"42":{"start":{"line":43,"column":0},"end":{"line":43,"column":46}},"43":{"start":{"line":44,"column":0},"end":{"line":44,"column":7}},"44":{"start":{"line":45,"column":0},"end":{"line":45,"column":6}},"46":{"start":{"line":47,"column":0},"end":{"line":47,"column":19}},"47":{"start":{"line":48,"column":0},"end":{"line":48,"column":30}},"48":{"start":{"line":49,"column":0},"end":{"line":49,"column":30}},"49":{"start":{"line":50,"column":0},"end":{"line":50,"column":25}},"51":{"start":{"line":52,"column":0},"end":{"line":52,"column":60}},"52":{"start":{"line":53,"column":0},"end":{"line":53,"column":42}},"53":{"start":{"line":54,"column":0},"end":{"line":54,"column":38}},"54":{"start":{"line":55,"column":0},"end":{"line":55,"column":4}},"56":{"start":{"line":57,"column":0},"end":{"line":57,"column":10}},"57":{"start":{"line":58,"column":0},"end":{"line":58,"column":21}},"58":{"start":{"line":59,"column":0},"end":{"line":59,"column":12}},"59":{"start":{"line":60,"column":0},"end":{"line":60,"column":48}},"60":{"start":{"line":61,"column":0},"end":{"line":61,"column":77}},"61":{"start":{"line":62,"column":0},"end":{"line":62,"column":13}},"62":{"start":{"line":63,"column":0},"end":{"line":63,"column":18}},"63":{"start":{"line":64,"column":0},"end":{"line":64,"column":4}},"64":{"start":{"line":65,"column":0},"end":{"line":65,"column":2}}},"s":{"0":1,"1":1,"2":1,"3":1,"6":1,"7":1,"8":1,"9":1,"10":1,"11":1,"12":1,"13":1,"14":1,"15":1,"17":1,"18":1,"19":1,"20":1,"23":0,"24":0,"25":0,"26":0,"27":0,"28":0,"29":0,"30":0,"31":0,"32":0,"33":0,"34":1,"35":1,"36":1,"38":1,"39":1,"40":1,"41":1,"42":2,"43":2,"44":1,"46":1,"47":1,"48":1,"49":1,"51":1,"52":0,"53":0,"54":0,"56":1,"57":1,"58":1,"59":1,"60":1,"61":1,"62":1,"63":1,"64":1},"branchMap":{"0":{"type":"branch","line":7,"loc":{"start":{"line":7,"column":40},"end":{"line":65,"column":2}},"locations":[{"start":{"line":7,"column":40},"end":{"line":65,"column":2}}]},"1":{"type":"branch","line":19,"loc":{"start":{"line":19,"column":4},"end":{"line":35,"column":7}},"locations":[{"start":{"line":19,"column":4},"end":{"line":35,"column":7}}]},"2":{"type":"branch","line":39,"loc":{"start":{"line":39,"column":41},"end":{"line":45,"column":4}},"locations":[{"start":{"line":39,"column":41},"end":{"line":45,"column":4}}]},"3":{"type":"branch","line":42,"loc":{"start":{"line":42,"column":13},"end":{"line":44,"column":7}},"locations":[{"start":{"line":42,"column":13},"end":{"line":44,"column":7}}]},"4":{"type":"branch","line":43,"loc":{"start":{"line":43,"column":34},"end":{"line":43,"column":44}},"locations":[{"start":{"line":43,"column":34},"end":{"line":43,"column":44}}]},"5":{"type":"branch","line":47,"loc":{"start":{"line":47,"column":12},"end":{"line":50,"column":5}},"locations":[{"start":{"line":47,"column":12},"end":{"line":50,"column":5}}]}},"b":{"0":[1],"1":[1],"2":[1],"3":[2],"4":[0],"5":[1]},"fnMap":{"0":{"name":"useProductFileController","decl":{"start":{"line":7,"column":40},"end":{"line":65,"column":2}},"loc":{"start":{"line":7,"column":40},"end":{"line":65,"column":2}},"line":7},"1":{"name":"drop","decl":{"start":{"line":21,"column":12},"end":{"line":34,"column":8}},"loc":{"start":{"line":21,"column":12},"end":{"line":34,"column":8}},"line":21},"2":{"name":"collect","decl":{"start":{"line":42,"column":13},"end":{"line":44,"column":7}},"loc":{"start":{"line":42,"column":13},"end":{"line":44,"column":7}},"line":42},"3":{"name":"onSubmit","decl":{"start":{"line":52,"column":19},"end":{"line":55,"column":4}},"loc":{"start":{"line":52,"column":19},"end":{"line":55,"column":4}},"line":52},"4":{"name":"setIsChangingAligment","decl":{"start":{"line":61,"column":27},"end":{"line":61,"column":77}},"loc":{"start":{"line":61,"column":27},"end":{"line":61,"column":77}},"line":61}},"f":{"0":1,"1":0,"2":2,"3":0,"4":0}}
,"C:\\WebApps\\zara-products-layouts\\src\\pages\\editor\\components\\zoom-controls\\zoom-controls.component.tsx": {"path":"C:\\WebApps\\zara-products-layouts\\src\\pages\\editor\\components\\zoom-controls\\zoom-controls.component.tsx","all":false,"statementMap":{"0":{"start":{"line":1,"column":0},"end":{"line":1,"column":51}},"2":{"start":{"line":3,"column":0},"end":{"line":3,"column":28}},"3":{"start":{"line":4,"column":0},"end":{"line":4,"column":60}},"5":{"start":{"line":6,"column":0},"end":{"line":6,"column":10}},"6":{"start":{"line":7,"column":0},"end":{"line":7,"column":39}},"7":{"start":{"line":8,"column":0},"end":{"line":8,"column":49}},"8":{"start":{"line":9,"column":0},"end":{"line":9,"column":50}},"9":{"start":{"line":10,"column":0},"end":{"line":10,"column":57}},"10":{"start":{"line":11,"column":0},"end":{"line":11,"column":10}},"12":{"start":{"line":13,"column":0},"end":{"line":13,"column":2}},"14":{"start":{"line":15,"column":0},"end":{"line":15,"column":28}}},"s":{"0":1,"2":1,"3":5,"5":5,"6":5,"7":5,"8":5,"9":5,"10":5,"12":5,"14":1},"branchMap":{"0":{"type":"branch","line":3,"loc":{"start":{"line":3,"column":21},"end":{"line":13,"column":2}},"locations":[{"start":{"line":3,"column":21},"end":{"line":13,"column":2}}]},"1":{"type":"branch","line":8,"loc":{"start":{"line":8,"column":23},"end":{"line":8,"column":39}},"locations":[{"start":{"line":8,"column":23},"end":{"line":8,"column":39}}]},"2":{"type":"branch","line":9,"loc":{"start":{"line":9,"column":23},"end":{"line":9,"column":40}},"locations":[{"start":{"line":9,"column":23},"end":{"line":9,"column":40}}]},"3":{"type":"branch","line":10,"loc":{"start":{"line":10,"column":23},"end":{"line":10,"column":47}},"locations":[{"start":{"line":10,"column":23},"end":{"line":10,"column":47}}]}},"b":{"0":[5],"1":[1],"2":[1],"3":[1]},"fnMap":{"0":{"name":"ZoomControls","decl":{"start":{"line":3,"column":21},"end":{"line":13,"column":2}},"loc":{"start":{"line":3,"column":21},"end":{"line":13,"column":2}},"line":3},"1":{"name":"onClick","decl":{"start":{"line":8,"column":23},"end":{"line":8,"column":39}},"loc":{"start":{"line":8,"column":23},"end":{"line":8,"column":39}},"line":8},"2":{"name":"onClick","decl":{"start":{"line":9,"column":23},"end":{"line":9,"column":40}},"loc":{"start":{"line":9,"column":23},"end":{"line":9,"column":40}},"line":9},"3":{"name":"onClick","decl":{"start":{"line":10,"column":23},"end":{"line":10,"column":47}},"loc":{"start":{"line":10,"column":23},"end":{"line":10,"column":47}},"line":10}},"f":{"0":5,"1":1,"2":1,"3":1}}
,"C:\\WebApps\\zara-products-layouts\\src\\pages\\editor\\utils\\generate-fake-products.ts": {"path":"C:\\WebApps\\zara-products-layouts\\src\\pages\\editor\\utils\\generate-fake-products.ts","all":false,"statementMap":{"0":{"start":{"line":1,"column":0},"end":{"line":1,"column":40}},"3":{"start":{"line":4,"column":0},"end":{"line":4,"column":53}},"4":{"start":{"line":5,"column":0},"end":{"line":5,"column":26}},"5":{"start":{"line":6,"column":0},"end":{"line":6,"column":37}},"6":{"start":{"line":7,"column":0},"end":{"line":7,"column":44}},"7":{"start":{"line":8,"column":0},"end":{"line":8,"column":66}},"8":{"start":{"line":9,"column":0},"end":{"line":9,"column":3}}},"s":{"0":1,"3":1,"4":12,"5":12,"6":12,"7":12,"8":12},"branchMap":{"0":{"type":"branch","line":4,"loc":{"start":{"line":4,"column":35},"end":{"line":9,"column":3}},"locations":[{"start":{"line":4,"column":35},"end":{"line":9,"column":3}}]}},"b":{"0":[12]},"fnMap":{"0":{"name":"generateFakeProduct","decl":{"start":{"line":4,"column":35},"end":{"line":9,"column":3}},"loc":{"start":{"line":4,"column":35},"end":{"line":9,"column":3}},"line":4}},"f":{"0":12}}
,"C:\\WebApps\\zara-products-layouts\\src\\pages\\editor\\utils\\index.ts": {"path":"C:\\WebApps\\zara-products-layouts\\src\\pages\\editor\\utils\\index.ts","all":false,"statementMap":{"0":{"start":{"line":1,"column":0},"end":{"line":1,"column":41}}},"s":{"0":1},"branchMap":{},"b":{},"fnMap":{},"f":{}}
,"C:\\WebApps\\zara-products-layouts\\src\\pages\\store\\editor.store.ts": {"path":"C:\\WebApps\\zara-products-layouts\\src\\pages\\store\\editor.store.ts","all":false,"statementMap":{"0":{"start":{"line":1,"column":0},"end":{"line":1,"column":33}},"2":{"start":{"line":3,"column":0},"end":{"line":3,"column":40}},"3":{"start":{"line":4,"column":0},"end":{"line":4,"column":54}},"20":{"start":{"line":21,"column":0},"end":{"line":21,"column":62}},"21":{"start":{"line":22,"column":0},"end":{"line":22,"column":12}},"22":{"start":{"line":23,"column":0},"end":{"line":23,"column":77}},"23":{"start":{"line":24,"column":0},"end":{"line":24,"column":36}},"24":{"start":{"line":25,"column":0},"end":{"line":25,"column":20}},"25":{"start":{"line":26,"column":0},"end":{"line":26,"column":54}},"26":{"start":{"line":27,"column":0},"end":{"line":27,"column":33}},"27":{"start":{"line":28,"column":0},"end":{"line":28,"column":53}},"28":{"start":{"line":29,"column":0},"end":{"line":29,"column":74}},"29":{"start":{"line":30,"column":0},"end":{"line":30,"column":18}},"30":{"start":{"line":31,"column":0},"end":{"line":31,"column":20}},"31":{"start":{"line":32,"column":0},"end":{"line":32,"column":50}},"32":{"start":{"line":33,"column":0},"end":{"line":33,"column":12}},"33":{"start":{"line":34,"column":0},"end":{"line":34,"column":9}},"34":{"start":{"line":35,"column":0},"end":{"line":35,"column":16}},"35":{"start":{"line":36,"column":0},"end":{"line":36,"column":18}},"36":{"start":{"line":37,"column":0},"end":{"line":37,"column":69}},"37":{"start":{"line":38,"column":0},"end":{"line":38,"column":10}},"38":{"start":{"line":39,"column":0},"end":{"line":39,"column":9}},"39":{"start":{"line":40,"column":0},"end":{"line":40,"column":37}},"40":{"start":{"line":41,"column":0},"end":{"line":41,"column":7}},"41":{"start":{"line":42,"column":0},"end":{"line":42,"column":4}},"42":{"start":{"line":43,"column":0},"end":{"line":43,"column":24}},"43":{"start":{"line":44,"column":0},"end":{"line":44,"column":21}},"44":{"start":{"line":45,"column":0},"end":{"line":45,"column":14}},"45":{"start":{"line":46,"column":0},"end":{"line":46,"column":23}},"46":{"start":{"line":47,"column":0},"end":{"line":47,"column":60}},"47":{"start":{"line":48,"column":0},"end":{"line":48,"column":8}},"48":{"start":{"line":49,"column":0},"end":{"line":49,"column":8}},"49":{"start":{"line":50,"column":0},"end":{"line":50,"column":45}},"50":{"start":{"line":51,"column":0},"end":{"line":51,"column":20}},"51":{"start":{"line":52,"column":0},"end":{"line":52,"column":37}},"52":{"start":{"line":53,"column":0},"end":{"line":53,"column":47}},"53":{"start":{"line":54,"column":0},"end":{"line":54,"column":44}},"54":{"start":{"line":55,"column":0},"end":{"line":55,"column":8}},"55":{"start":{"line":56,"column":0},"end":{"line":56,"column":78}},"56":{"start":{"line":57,"column":0},"end":{"line":57,"column":72}},"58":{"start":{"line":59,"column":0},"end":{"line":59,"column":57}},"59":{"start":{"line":60,"column":0},"end":{"line":60,"column":29}},"60":{"start":{"line":61,"column":0},"end":{"line":61,"column":32}},"61":{"start":{"line":62,"column":0},"end":{"line":62,"column":8}},"62":{"start":{"line":63,"column":0},"end":{"line":63,"column":23}},"63":{"start":{"line":64,"column":0},"end":{"line":64,"column":7}},"64":{"start":{"line":65,"column":0},"end":{"line":65,"column":4}},"65":{"start":{"line":66,"column":0},"end":{"line":66,"column":54}},"66":{"start":{"line":67,"column":0},"end":{"line":67,"column":20}},"67":{"start":{"line":68,"column":0},"end":{"line":68,"column":32}},"68":{"start":{"line":69,"column":0},"end":{"line":69,"column":29}},"69":{"start":{"line":70,"column":0},"end":{"line":70,"column":35}},"70":{"start":{"line":71,"column":0},"end":{"line":71,"column":32}},"72":{"start":{"line":73,"column":0},"end":{"line":73,"column":48}},"73":{"start":{"line":74,"column":0},"end":{"line":74,"column":58}},"74":{"start":{"line":75,"column":0},"end":{"line":75,"column":48}},"75":{"start":{"line":76,"column":0},"end":{"line":76,"column":41}},"76":{"start":{"line":77,"column":0},"end":{"line":77,"column":47}},"77":{"start":{"line":78,"column":0},"end":{"line":78,"column":11}},"78":{"start":{"line":79,"column":0},"end":{"line":79,"column":45}},"79":{"start":{"line":80,"column":0},"end":{"line":80,"column":38}},"80":{"start":{"line":81,"column":0},"end":{"line":81,"column":44}},"81":{"start":{"line":82,"column":0},"end":{"line":82,"column":11}},"82":{"start":{"line":83,"column":0},"end":{"line":83,"column":11}},"83":{"start":{"line":84,"column":0},"end":{"line":84,"column":9}},"85":{"start":{"line":86,"column":0},"end":{"line":86,"column":10}},"86":{"start":{"line":87,"column":0},"end":{"line":87,"column":34}},"87":{"start":{"line":88,"column":0},"end":{"line":88,"column":31}},"88":{"start":{"line":89,"column":0},"end":{"line":89,"column":37}},"89":{"start":{"line":90,"column":0},"end":{"line":90,"column":31}},"90":{"start":{"line":91,"column":0},"end":{"line":91,"column":9}},"91":{"start":{"line":92,"column":0},"end":{"line":92,"column":21}},"92":{"start":{"line":93,"column":0},"end":{"line":93,"column":7}},"94":{"start":{"line":95,"column":0},"end":{"line":95,"column":37}},"95":{"start":{"line":96,"column":0},"end":{"line":96,"column":57}},"96":{"start":{"line":97,"column":0},"end":{"line":97,"column":51}},"98":{"start":{"line":99,"column":0},"end":{"line":99,"column":71}},"99":{"start":{"line":100,"column":0},"end":{"line":100,"column":62}},"101":{"start":{"line":102,"column":0},"end":{"line":102,"column":62}},"102":{"start":{"line":103,"column":0},"end":{"line":103,"column":59}},"104":{"start":{"line":105,"column":0},"end":{"line":105,"column":44}},"105":{"start":{"line":106,"column":0},"end":{"line":106,"column":38}},"107":{"start":{"line":108,"column":0},"end":{"line":108,"column":23}},"108":{"start":{"line":109,"column":0},"end":{"line":109,"column":7}},"109":{"start":{"line":110,"column":0},"end":{"line":110,"column":4}},"110":{"start":{"line":111,"column":0},"end":{"line":111,"column":44}},"111":{"start":{"line":112,"column":0},"end":{"line":112,"column":20}},"112":{"start":{"line":113,"column":0},"end":{"line":113,"column":65}},"113":{"start":{"line":114,"column":0},"end":{"line":114,"column":46}},"114":{"start":{"line":115,"column":0},"end":{"line":115,"column":8}},"115":{"start":{"line":116,"column":0},"end":{"line":116,"column":72}},"116":{"start":{"line":117,"column":0},"end":{"line":117,"column":38}},"117":{"start":{"line":118,"column":0},"end":{"line":118,"column":50}},"118":{"start":{"line":119,"column":0},"end":{"line":119,"column":28}},"119":{"start":{"line":120,"column":0},"end":{"line":120,"column":8}},"120":{"start":{"line":121,"column":0},"end":{"line":121,"column":78}},"121":{"start":{"line":122,"column":0},"end":{"line":122,"column":7}},"122":{"start":{"line":123,"column":0},"end":{"line":123,"column":4}},"123":{"start":{"line":124,"column":0},"end":{"line":124,"column":45}},"124":{"start":{"line":125,"column":0},"end":{"line":125,"column":21}},"125":{"start":{"line":126,"column":0},"end":{"line":126,"column":38}},"126":{"start":{"line":127,"column":0},"end":{"line":127,"column":58}},"127":{"start":{"line":128,"column":0},"end":{"line":128,"column":8}},"128":{"start":{"line":129,"column":0},"end":{"line":129,"column":8}},"129":{"start":{"line":130,"column":0},"end":{"line":130,"column":4}},"130":{"start":{"line":131,"column":0},"end":{"line":131,"column":31}},"131":{"start":{"line":132,"column":0},"end":{"line":132,"column":21}},"132":{"start":{"line":133,"column":0},"end":{"line":133,"column":41}},"133":{"start":{"line":134,"column":0},"end":{"line":134,"column":16}},"134":{"start":{"line":135,"column":0},"end":{"line":135,"column":78}},"135":{"start":{"line":136,"column":0},"end":{"line":136,"column":10}},"136":{"start":{"line":137,"column":0},"end":{"line":137,"column":8}},"137":{"start":{"line":138,"column":0},"end":{"line":138,"column":4}}},"s":{"0":1,"2":1,"3":1,"20":1,"21":3,"22":3,"23":3,"24":4,"25":4,"26":6,"27":4,"28":4,"29":4,"30":4,"31":4,"32":4,"33":4,"34":2,"35":2,"36":2,"37":2,"38":4,"39":4,"40":4,"41":4,"42":3,"43":8,"44":8,"45":8,"46":8,"47":8,"48":8,"49":3,"50":1,"51":1,"52":1,"53":1,"54":1,"55":1,"56":1,"58":1,"59":1,"60":1,"61":1,"62":1,"63":1,"64":1,"65":3,"66":1,"67":1,"68":1,"69":1,"70":1,"72":1,"73":2,"74":2,"75":1,"76":1,"77":1,"78":2,"79":1,"80":1,"81":1,"82":2,"83":1,"85":1,"86":1,"87":1,"88":1,"89":1,"90":1,"91":0,"92":0,"94":1,"95":1,"96":1,"98":1,"99":1,"101":1,"102":1,"104":1,"105":1,"107":1,"108":1,"109":1,"110":3,"111":1,"112":1,"113":1,"114":1,"115":1,"116":1,"117":1,"118":1,"119":1,"120":1,"121":1,"122":1,"123":3,"124":1,"125":1,"126":1,"127":1,"128":1,"129":1,"130":3,"131":1,"132":1,"133":1,"134":1,"135":1,"136":1,"137":1},"branchMap":{"0":{"type":"branch","line":21,"loc":{"start":{"line":21,"column":51},"end":{"line":138,"column":2}},"locations":[{"start":{"line":21,"column":51},"end":{"line":138,"column":2}}]},"1":{"type":"branch","line":23,"loc":{"start":{"line":23,"column":48},"end":{"line":23,"column":75}},"locations":[{"start":{"line":23,"column":48},"end":{"line":23,"column":75}}]},"2":{"type":"branch","line":24,"loc":{"start":{"line":24,"column":14},"end":{"line":42,"column":4}},"locations":[{"start":{"line":24,"column":14},"end":{"line":42,"column":4}}]},"3":{"type":"branch","line":25,"loc":{"start":{"line":25,"column":8},"end":{"line":41,"column":5}},"locations":[{"start":{"line":25,"column":8},"end":{"line":41,"column":5}}]},"4":{"type":"branch","line":26,"loc":{"start":{"line":26,"column":43},"end":{"line":39,"column":7}},"locations":[{"start":{"line":26,"column":43},"end":{"line":39,"column":7}}]},"5":{"type":"branch","line":27,"loc":{"start":{"line":27,"column":32},"end":{"line":34,"column":9}},"locations":[{"start":{"line":27,"column":32},"end":{"line":34,"column":9}}]},"6":{"type":"branch","line":28,"loc":{"start":{"line":28,"column":41},"end":{"line":28,"column":53}},"locations":[{"start":{"line":28,"column":41},"end":{"line":28,"column":53}}]},"7":{"type":"branch","line":29,"loc":{"start":{"line":29,"column":62},"end":{"line":29,"column":74}},"locations":[{"start":{"line":29,"column":62},"end":{"line":29,"column":74}}]},"8":{"type":"branch","line":34,"loc":{"start":{"line":34,"column":8},"end":{"line":38,"column":10}},"locations":[{"start":{"line":34,"column":8},"end":{"line":38,"column":10}}]},"9":{"type":"branch","line":37,"loc":{"start":{"line":37,"column":41},"end":{"line":37,"column":67}},"locations":[{"start":{"line":37,"column":41},"end":{"line":37,"column":67}}]},"10":{"type":"branch","line":43,"loc":{"start":{"line":43,"column":11},"end":{"line":49,"column":8}},"locations":[{"start":{"line":43,"column":11},"end":{"line":49,"column":8}}]},"11":{"type":"branch","line":44,"loc":{"start":{"line":44,"column":8},"end":{"line":49,"column":6}},"locations":[{"start":{"line":44,"column":8},"end":{"line":49,"column":6}}]},"12":{"type":"branch","line":50,"loc":{"start":{"line":50,"column":13},"end":{"line":65,"column":4}},"locations":[{"start":{"line":50,"column":13},"end":{"line":65,"column":4}}]},"13":{"type":"branch","line":51,"loc":{"start":{"line":51,"column":8},"end":{"line":64,"column":5}},"locations":[{"start":{"line":51,"column":8},"end":{"line":64,"column":5}}]},"14":{"type":"branch","line":57,"loc":{"start":{"line":57,"column":59},"end":{"line":57,"column":72}},"locations":[{"start":{"line":57,"column":59},"end":{"line":57,"column":72}}]},"15":{"type":"branch","line":54,"loc":{"start":{"line":54,"column":8},"end":{"line":54,"column":44}},"locations":[{"start":{"line":54,"column":8},"end":{"line":54,"column":44}}]},"16":{"type":"branch","line":56,"loc":{"start":{"line":56,"column":44},"end":{"line":56,"column":76}},"locations":[{"start":{"line":56,"column":44},"end":{"line":56,"column":76}}]},"17":{"type":"branch","line":66,"loc":{"start":{"line":66,"column":16},"end":{"line":110,"column":4}},"locations":[{"start":{"line":66,"column":16},"end":{"line":110,"column":4}}]},"18":{"type":"branch","line":67,"loc":{"start":{"line":67,"column":8},"end":{"line":109,"column":5}},"locations":[{"start":{"line":67,"column":8},"end":{"line":109,"column":5}}]},"19":{"type":"branch","line":91,"loc":{"start":{"line":91,"column":8},"end":{"line":93,"column":7}},"locations":[{"start":{"line":91,"column":8},"end":{"line":93,"column":7}}]},"20":{"type":"branch","line":73,"loc":{"start":{"line":73,"column":26},"end":{"line":84,"column":7}},"locations":[{"start":{"line":73,"column":26},"end":{"line":84,"column":7}}]},"21":{"type":"branch","line":74,"loc":{"start":{"line":74,"column":30},"end":{"line":83,"column":9}},"locations":[{"start":{"line":74,"column":30},"end":{"line":83,"column":9}}]},"22":{"type":"branch","line":75,"loc":{"start":{"line":75,"column":47},"end":{"line":78,"column":11}},"locations":[{"start":{"line":75,"column":47},"end":{"line":78,"column":11}}]},"23":{"type":"branch","line":79,"loc":{"start":{"line":79,"column":44},"end":{"line":82,"column":11}},"locations":[{"start":{"line":79,"column":44},"end":{"line":82,"column":11}}]},"24":{"type":"branch","line":111,"loc":{"start":{"line":111,"column":28},"end":{"line":123,"column":4}},"locations":[{"start":{"line":111,"column":28},"end":{"line":123,"column":4}}]},"25":{"type":"branch","line":112,"loc":{"start":{"line":112,"column":8},"end":{"line":122,"column":5}},"locations":[{"start":{"line":112,"column":8},"end":{"line":122,"column":5}}]},"26":{"type":"branch","line":116,"loc":{"start":{"line":116,"column":42},"end":{"line":116,"column":72}},"locations":[{"start":{"line":116,"column":42},"end":{"line":116,"column":72}}]},"27":{"type":"branch","line":114,"loc":{"start":{"line":114,"column":8},"end":{"line":114,"column":46}},"locations":[{"start":{"line":114,"column":8},"end":{"line":114,"column":46}}]},"28":{"type":"branch","line":124,"loc":{"start":{"line":124,"column":22},"end":{"line":130,"column":4}},"locations":[{"start":{"line":124,"column":22},"end":{"line":130,"column":4}}]},"29":{"type":"branch","line":125,"loc":{"start":{"line":125,"column":8},"end":{"line":129,"column":6}},"locations":[{"start":{"line":125,"column":8},"end":{"line":129,"column":6}}]},"30":{"type":"branch","line":126,"loc":{"start":{"line":126,"column":29},"end":{"line":127,"column":58}},"locations":[{"start":{"line":126,"column":29},"end":{"line":127,"column":58}}]},"31":{"type":"branch","line":127,"loc":{"start":{"line":127,"column":49},"end":{"line":127,"column":58}},"locations":[{"start":{"line":127,"column":49},"end":{"line":127,"column":58}}]},"32":{"type":"branch","line":131,"loc":{"start":{"line":131,"column":17},"end":{"line":137,"column":8}},"locations":[{"start":{"line":131,"column":17},"end":{"line":137,"column":8}}]},"33":{"type":"branch","line":132,"loc":{"start":{"line":132,"column":8},"end":{"line":137,"column":6}},"locations":[{"start":{"line":132,"column":8},"end":{"line":137,"column":6}}]},"34":{"type":"branch","line":133,"loc":{"start":{"line":133,"column":29},"end":{"line":136,"column":8}},"locations":[{"start":{"line":133,"column":29},"end":{"line":136,"column":8}}]},"35":{"type":"branch","line":135,"loc":{"start":{"line":135,"column":39},"end":{"line":135,"column":76}},"locations":[{"start":{"line":135,"column":39},"end":{"line":135,"column":76}}]}},"b":{"0":[3],"1":[9],"2":[4],"3":[4],"4":[6],"5":[4],"6":[0],"7":[0],"8":[2],"9":[1],"10":[8],"11":[8],"12":[1],"13":[1],"14":[0],"15":[1],"16":[2],"17":[1],"18":[1],"19":[0],"20":[2],"21":[2],"22":[1],"23":[1],"24":[1],"25":[1],"26":[0],"27":[1],"28":[1],"29":[1],"30":[1],"31":[0],"32":[1],"33":[1],"34":[1],"35":[1]},"fnMap":{"0":{"name":"addProduct","decl":{"start":{"line":24,"column":14},"end":{"line":42,"column":4}},"loc":{"start":{"line":24,"column":14},"end":{"line":42,"column":4}},"line":24},"1":{"name":"addFile","decl":{"start":{"line":43,"column":11},"end":{"line":49,"column":8}},"loc":{"start":{"line":43,"column":11},"end":{"line":49,"column":8}},"line":43},"2":{"name":"swapFiles","decl":{"start":{"line":50,"column":13},"end":{"line":65,"column":4}},"loc":{"start":{"line":50,"column":13},"end":{"line":65,"column":4}},"line":50},"3":{"name":"swapProducts","decl":{"start":{"line":66,"column":16},"end":{"line":110,"column":4}},"loc":{"start":{"line":66,"column":16},"end":{"line":110,"column":4}},"line":66},"4":{"name":"updateSelectableProducts","decl":{"start":{"line":111,"column":28},"end":{"line":123,"column":4}},"loc":{"start":{"line":111,"column":28},"end":{"line":123,"column":4}},"line":111},"5":{"name":"updateFileAligment","decl":{"start":{"line":124,"column":22},"end":{"line":130,"column":4}},"loc":{"start":{"line":124,"column":22},"end":{"line":130,"column":4}},"line":124},"6":{"name":"deleteProduct","decl":{"start":{"line":131,"column":17},"end":{"line":137,"column":8}},"loc":{"start":{"line":131,"column":17},"end":{"line":137,"column":8}},"line":131}},"f":{"0":4,"1":8,"2":1,"3":1,"4":1,"5":1,"6":1}}
,"C:\\WebApps\\zara-products-layouts\\src\\providers\\app.provider.tsx": {"path":"C:\\WebApps\\zara-products-layouts\\src\\providers\\app.provider.tsx","all":true,"statementMap":{"0":{"start":{"line":1,"column":0},"end":{"line":1,"column":56}},"1":{"start":{"line":2,"column":0},"end":{"line":2,"column":49}},"3":{"start":{"line":4,"column":0},"end":{"line":4,"column":69}},"4":{"start":{"line":5,"column":0},"end":{"line":5,"column":10}},"5":{"start":{"line":6,"column":0},"end":{"line":6,"column":6}},"6":{"start":{"line":7,"column":0},"end":{"line":7,"column":49}},"7":{"start":{"line":8,"column":0},"end":{"line":8,"column":49}},"8":{"start":{"line":9,"column":0},"end":{"line":9,"column":17}},"9":{"start":{"line":10,"column":0},"end":{"line":10,"column":7}},"11":{"start":{"line":12,"column":0},"end":{"line":12,"column":2}}},"s":{"0":0,"1":0,"3":0,"4":0,"5":0,"6":0,"7":0,"8":0,"9":0,"11":0},"branchMap":{"0":{"type":"branch","line":1,"loc":{"start":{"line":1,"column":198},"end":{"line":12,"column":-177}},"locations":[{"start":{"line":1,"column":198},"end":{"line":12,"column":-177}}]}},"b":{"0":[0]},"fnMap":{"0":{"name":"(empty-report)","decl":{"start":{"line":1,"column":198},"end":{"line":12,"column":-177}},"loc":{"start":{"line":1,"column":198},"end":{"line":12,"column":-177}},"line":1}},"f":{"0":0}}
,"C:\\WebApps\\zara-products-layouts\\src\\providers\\index.ts": {"path":"C:\\WebApps\\zara-products-layouts\\src\\providers\\index.ts","all":true,"statementMap":{"0":{"start":{"line":1,"column":0},"end":{"line":1,"column":31}}},"s":{"0":0},"branchMap":{"0":{"type":"branch","line":1,"loc":{"start":{"line":1,"column":0},"end":{"line":1,"column":31}},"locations":[{"start":{"line":1,"column":0},"end":{"line":1,"column":31}}]}},"b":{"0":[0]},"fnMap":{"0":{"name":"(empty-report)","decl":{"start":{"line":1,"column":0},"end":{"line":1,"column":31}},"loc":{"start":{"line":1,"column":0},"end":{"line":1,"column":31}},"line":1}},"f":{"0":0}}
,"C:\\WebApps\\zara-products-layouts\\src\\types\\draggable-items.type.ts": {"path":"C:\\WebApps\\zara-products-layouts\\src\\types\\draggable-items.type.ts","all":false,"statementMap":{"0":{"start":{"line":1,"column":0},"end":{"line":1,"column":29}},"1":{"start":{"line":2,"column":0},"end":{"line":2,"column":32}},"2":{"start":{"line":3,"column":0},"end":{"line":3,"column":32}}},"s":{"0":1,"1":1,"2":1},"branchMap":{"0":{"type":"branch","line":1,"loc":{"start":{"line":1,"column":7},"end":{"line":1,"column":29}},"locations":[{"start":{"line":1,"column":7},"end":{"line":1,"column":29}}]}},"b":{"0":[3]},"fnMap":{},"f":{}}
,"C:\\WebApps\\zara-products-layouts\\src\\types\\index.ts": {"path":"C:\\WebApps\\zara-products-layouts\\src\\types\\index.ts","all":false,"statementMap":{"0":{"start":{"line":1,"column":0},"end":{"line":1,"column":39}},"1":{"start":{"line":2,"column":0},"end":{"line":2,"column":30}}},"s":{"0":1,"1":1},"branchMap":{},"b":{},"fnMap":{},"f":{}}
,"C:\\WebApps\\zara-products-layouts\\src\\types\\paths.types.ts": {"path":"C:\\WebApps\\zara-products-layouts\\src\\types\\paths.types.ts","all":false,"statementMap":{"0":{"start":{"line":1,"column":0},"end":{"line":1,"column":20}},"1":{"start":{"line":2,"column":0},"end":{"line":2,"column":20}}},"s":{"0":1,"1":1},"branchMap":{"0":{"type":"branch","line":1,"loc":{"start":{"line":1,"column":7},"end":{"line":1,"column":20}},"locations":[{"start":{"line":1,"column":7},"end":{"line":1,"column":20}}]}},"b":{"0":[3]},"fnMap":{},"f":{}}
}
