TN:
SF:src\vite-env.d.ts
FN:1,(empty-report)
FNF:1
FNH:1
FNDA:1,(empty-report)
LF:0
LH:0
BRDA:1,0,0,1
BRF:1
BRH:1
end_of_record
TN:
SF:src\components\product-card\product-card.tsx
FN:13,ProductCard
FN:29,onClick
FN:38,onChange
FNF:3
FNH:3
FNDA:18,ProductCard
FNDA:1,onClick
FNDA:1,onChange
DA:3,1
DA:13,1
DA:14,18
DA:15,18
DA:16,18
DA:17,18
DA:18,18
DA:19,18
DA:20,18
DA:22,18
DA:23,18
DA:24,18
DA:25,18
DA:26,18
DA:27,8
DA:28,8
DA:29,8
DA:30,8
DA:32,8
DA:34,18
DA:35,6
DA:36,6
DA:37,6
DA:38,6
DA:39,6
DA:40,6
DA:42,18
DA:43,18
DA:44,18
DA:45,18
DA:46,18
DA:47,18
DA:49,18
DA:51,18
LF:34
LH:34
BRDA:13,0,0,18
BRDA:26,1,0,8
BRDA:26,2,0,8
BRDA:34,3,0,6
BRDA:29,4,0,1
BRDA:38,5,0,1
BRF:6
BRH:6
end_of_record
TN:
SF:src\components\product-card\hooks\use-product-card.ts
FN:7,useProductCardController
FN:14,canDrag
FN:15,collect
FN:26,drop
FNF:4
FNH:2
FNDA:18,useProductCardController
FNDA:0,canDrag
FNDA:36,collect
FNDA:0,drop
DA:1,1
DA:2,1
DA:3,1
DA:5,1
DA:7,1
DA:8,18
DA:9,18
DA:10,18
DA:11,18
DA:12,18
DA:13,18
DA:14,18
DA:15,18
DA:16,36
DA:17,36
DA:18,18
DA:19,18
DA:20,18
DA:23,18
DA:24,18
DA:25,18
DA:26,18
DA:27,0
DA:28,0
DA:29,18
DA:30,18
DA:31,18
DA:33,18
DA:34,18
DA:36,18
DA:37,18
DA:38,18
DA:39,18
DA:40,18
LF:34
LH:32
BRDA:7,0,0,18
BRDA:11,1,0,18
BRDA:15,2,0,36
BRDA:16,3,0,0
BRDA:24,4,0,18
BRF:5
BRH:4
end_of_record
TN:
SF:src\layouts\main-layout\main-layout.tsx
FN:5,MainLayout
FNF:1
FNH:1
FNDA:2,MainLayout
DA:1,1
DA:3,1
DA:5,1
DA:6,2
DA:7,2
DA:8,2
DA:9,2
DA:10,2
DA:11,2
DA:12,2
DA:13,2
DA:14,2
DA:15,2
DA:16,2
DA:17,2
DA:18,2
DA:19,2
DA:20,2
DA:21,2
DA:22,2
DA:23,2
DA:24,2
DA:25,2
DA:27,2
DA:28,1
LF:25
LH:25
BRDA:5,0,0,2
BRF:1
BRH:1
end_of_record
TN:
SF:src\pages\editor\editor.tsx
FN:13,EditorPage
FNF:1
FNH:1
FNDA:5,EditorPage
DA:1,1
DA:2,1
DA:3,1
DA:4,1
DA:6,1
DA:8,1
DA:9,1
DA:10,1
DA:11,1
DA:13,1
DA:14,5
DA:15,5
DA:16,5
DA:17,5
DA:18,5
DA:19,5
DA:20,5
DA:22,5
DA:23,5
DA:24,0
DA:25,0
DA:26,0
DA:27,0
DA:28,0
DA:29,0
DA:30,0
DA:31,0
DA:32,5
DA:33,5
DA:35,5
DA:36,5
DA:37,5
DA:38,5
DA:39,5
DA:40,5
DA:41,5
DA:42,5
DA:43,2
DA:44,2
DA:45,2
DA:46,2
DA:47,2
DA:48,2
DA:49,2
DA:50,5
DA:51,5
DA:52,5
DA:53,5
DA:54,5
DA:55,5
DA:56,5
DA:57,5
DA:58,5
DA:59,1
DA:60,1
DA:61,1
DA:62,1
DA:63,1
DA:64,1
DA:65,1
DA:66,1
DA:67,1
DA:68,1
DA:69,1
DA:70,1
DA:71,1
DA:72,1
DA:74,5
DA:75,5
DA:77,5
DA:79,1
LF:71
LH:63
BRDA:13,0,0,5
BRDA:58,1,0,1
BRDA:42,2,0,2
BRDA:65,3,0,1
BRF:4
BRH:4
end_of_record
TN:
SF:src\pages\editor\components\file-management-form\file-management-form.tsx
FN:10,FileManagementForm
FN:16,onSubmitHandler
FNF:2
FNH:2
FNDA:7,FileManagementForm
FNDA:1,onSubmitHandler
DA:2,1
DA:10,1
DA:11,7
DA:12,7
DA:13,7
DA:14,7
DA:15,7
DA:16,7
DA:17,1
DA:18,1
DA:19,1
DA:20,1
DA:21,1
DA:22,7
DA:23,7
DA:24,7
DA:25,7
DA:26,7
DA:28,7
DA:30,7
DA:31,7
DA:32,7
DA:33,7
DA:34,7
DA:36,7
DA:37,7
DA:38,7
DA:39,7
DA:40,7
DA:41,7
DA:42,7
DA:44,7
DA:45,7
DA:47,7
DA:48,7
DA:49,7
DA:51,7
LF:37
LH:37
BRDA:10,0,0,7
BRDA:16,1,0,1
BRDA:42,2,0,8
BRF:3
BRH:3
end_of_record
TN:
SF:src\pages\editor\components\product-file\product-file.tsx
FN:8,ProductFile
FNF:1
FNH:1
FNDA:4,ProductFile
DA:3,1
DA:4,1
DA:6,1
DA:8,1
DA:9,4
DA:10,4
DA:11,4
DA:12,4
DA:13,4
DA:14,4
DA:15,4
DA:16,4
DA:17,4
DA:18,4
DA:19,4
DA:20,4
DA:21,4
DA:22,4
DA:23,4
DA:24,4
DA:25,4
DA:27,4
DA:28,4
DA:29,4
DA:30,4
DA:31,4
DA:33,4
DA:35,4
DA:36,4
DA:37,0
DA:38,0
DA:39,0
DA:40,0
DA:41,0
DA:43,4
DA:44,4
DA:45,4
DA:46,4
DA:48,4
DA:49,4
DA:51,4
DA:52,7
DA:53,7
DA:54,7
DA:55,7
DA:56,7
DA:57,4
DA:58,4
DA:59,4
DA:61,4
LF:50
LH:45
BRDA:8,0,0,4
BRDA:36,1,0,0
BRDA:51,2,0,7
BRF:3
BRH:2
end_of_record
TN:
SF:src\pages\editor\components\product-file\hooks\use-product-file.ts
FN:9,useProductFileController
FN:24,drop
FN:40,collect
FN:56,onSubmit
FN:65,setIsChangingAligment
FN:68,deleteFile
FNF:6
FNH:4
FNDA:5,useProductFileController
FNDA:0,drop
FNDA:9,collect
FNDA:1,onSubmit
FNDA:1,setIsChangingAligment
FNDA:0,deleteFile
DA:1,1
DA:2,1
DA:6,1
DA:7,1
DA:9,1
DA:10,5
DA:11,5
DA:12,5
DA:13,5
DA:14,5
DA:15,5
DA:16,5
DA:17,5
DA:18,5
DA:19,5
DA:21,5
DA:22,5
DA:23,4
DA:24,4
DA:25,0
DA:26,0
DA:27,0
DA:28,0
DA:29,0
DA:30,0
DA:31,0
DA:32,0
DA:33,4
DA:34,5
DA:35,5
DA:37,5
DA:38,4
DA:39,4
DA:40,4
DA:41,9
DA:42,9
DA:43,5
DA:45,5
DA:46,4
DA:47,4
DA:48,5
DA:50,5
DA:51,4
DA:52,3
DA:53,3
DA:54,5
DA:56,5
DA:57,1
DA:58,1
DA:59,1
DA:61,5
DA:62,5
DA:63,5
DA:64,5
DA:65,5
DA:66,5
DA:67,5
DA:68,5
DA:69,5
DA:70,5
LF:60
LH:52
BRDA:9,0,0,5
BRDA:22,1,0,4
BRDA:37,2,0,4
BRDA:40,3,0,9
BRDA:41,4,0,0
BRDA:45,5,0,4
BRDA:50,6,0,4
BRDA:51,7,0,3
BRDA:56,8,0,1
BRDA:65,9,0,1
BRDA:65,10,0,1
BRF:11
BRH:10
end_of_record
TN:
SF:src\pages\editor\components\zoom-controls\zoom-controls.tsx
FN:3,ZoomControls
FN:8,onClick
FN:9,onClick
FN:10,onClick
FNF:4
FNH:4
FNDA:5,ZoomControls
FNDA:1,onClick
FNDA:1,onClick
FNDA:1,onClick
DA:1,1
DA:3,1
DA:4,5
DA:6,5
DA:7,5
DA:8,5
DA:9,5
DA:10,5
DA:11,5
DA:13,5
LF:10
LH:10
BRDA:3,0,0,5
BRDA:8,1,0,1
BRDA:9,2,0,1
BRDA:10,3,0,1
BRF:4
BRH:4
end_of_record
TN:
SF:src\pages\editor\utils\generate-fake-products.ts
FN:5,generateFakeProduct
FNF:1
FNH:1
FNDA:15,generateFakeProduct
DA:1,1
DA:5,1
DA:6,15
DA:7,15
DA:8,15
DA:9,15
DA:10,15
LF:7
LH:7
BRDA:5,0,0,15
BRF:1
BRH:1
end_of_record
TN:
SF:src\store\editor.ts
FN:35,addProduct
FN:54,addFile
FN:58,swapFiles
FN:74,swapProducts
FN:119,updateSelectableProducts
FN:132,updateFileAligment
FN:139,deleteProduct
FN:146,onCheckProduct
FN:155,deleteFile
FNF:9
FNH:9
FNDA:4,addProduct
FNDA:9,addFile
FNDA:1,swapFiles
FNDA:1,swapProducts
FNDA:1,updateSelectableProducts
FNDA:1,updateFileAligment
FNDA:1,deleteProduct
FNDA:2,onCheckProduct
FNDA:1,deleteFile
DA:1,1
DA:2,1
DA:5,1
DA:28,1
DA:29,4
DA:30,4
DA:31,12
DA:32,4
DA:33,4
DA:34,4
DA:35,4
DA:36,4
DA:37,4
DA:38,6
DA:39,4
DA:40,4
DA:41,4
DA:42,4
DA:43,4
DA:44,4
DA:45,4
DA:46,2
DA:47,2
DA:48,2
DA:49,2
DA:50,4
DA:51,4
DA:52,4
DA:53,4
DA:54,4
DA:55,9
DA:56,9
DA:57,9
DA:58,4
DA:59,1
DA:60,1
DA:61,1
DA:62,1
DA:63,1
DA:64,1
DA:65,1
DA:67,1
DA:68,1
DA:69,1
DA:70,1
DA:71,1
DA:72,1
DA:73,1
DA:74,4
DA:75,1
DA:76,1
DA:77,1
DA:78,1
DA:79,1
DA:81,1
DA:82,2
DA:83,2
DA:84,1
DA:85,1
DA:86,1
DA:87,2
DA:88,1
DA:89,1
DA:90,1
DA:91,2
DA:92,1
DA:94,1
DA:95,1
DA:96,1
DA:97,1
DA:98,1
DA:99,1
DA:100,0
DA:101,0
DA:103,1
DA:104,1
DA:105,1
DA:107,1
DA:108,1
DA:110,1
DA:111,1
DA:113,1
DA:114,1
DA:116,1
DA:117,1
DA:118,1
DA:119,4
DA:120,1
DA:121,1
DA:122,1
DA:123,1
DA:124,1
DA:125,1
DA:126,1
DA:127,1
DA:128,1
DA:129,1
DA:130,1
DA:131,1
DA:132,4
DA:133,1
DA:134,1
DA:135,1
DA:136,1
DA:137,1
DA:138,1
DA:139,4
DA:140,1
DA:141,1
DA:142,1
DA:143,1
DA:144,1
DA:145,1
DA:146,4
DA:147,2
DA:148,2
DA:149,2
DA:150,2
DA:151,2
DA:152,2
DA:153,2
DA:154,2
DA:155,4
DA:156,1
DA:157,1
DA:158,1
DA:159,1
LF:127
LH:125
BRDA:28,0,0,4
BRDA:30,1,0,12
BRDA:33,2,0,12
BRDA:35,3,0,4
BRDA:36,4,0,4
BRDA:37,5,0,6
BRDA:38,6,0,4
BRDA:39,7,0,0
BRDA:40,8,0,0
BRDA:45,9,0,2
BRDA:48,10,0,1
BRDA:54,11,0,9
BRDA:55,12,0,9
BRDA:58,13,0,1
BRDA:59,14,0,1
BRDA:65,15,0,0
BRDA:62,16,0,1
BRDA:64,17,0,2
BRDA:74,18,0,1
BRDA:75,19,0,1
BRDA:99,20,0,0
BRDA:81,21,0,2
BRDA:82,22,0,2
BRDA:83,23,0,1
BRDA:87,24,0,1
BRDA:119,25,0,1
BRDA:120,26,0,1
BRDA:124,27,0,0
BRDA:122,28,0,1
BRDA:127,29,0,3
BRDA:132,30,0,1
BRDA:133,31,0,1
BRDA:134,32,0,1
BRDA:135,33,0,0
BRDA:139,34,0,1
BRDA:140,35,0,1
BRDA:141,36,0,1
BRDA:143,37,0,1
BRDA:146,38,0,2
BRDA:147,39,0,2
BRDA:148,40,0,2
BRDA:151,41,0,0
BRDA:155,42,0,1
BRDA:156,43,0,1
BRDA:157,44,0,1
BRF:45
BRH:38
end_of_record
