TN:
SF:src\vite-env.d.ts
FN:1,(empty-report)
FNF:1
FNH:1
FNDA:1,(empty-report)
LF:0
LH:0
BRDA:1,0,0,1
BRF:1
BRH:1
end_of_record
TN:
SF:src\components\product-card\product-card.tsx
FN:10,ProductCard
FN:20,onClick
FNF:2
FNH:2
FNDA:7,ProductCard
FNDA:1,onClick
DA:3,1
DA:10,1
DA:11,7
DA:13,7
DA:14,7
DA:15,7
DA:16,7
DA:17,7
DA:18,2
DA:19,2
DA:20,2
DA:21,2
DA:23,2
DA:25,7
DA:26,7
DA:27,7
DA:28,7
DA:29,7
DA:30,7
DA:32,7
DA:34,7
DA:36,1
LF:22
LH:22
BRDA:10,0,0,7
BRDA:17,1,0,2
BRDA:20,2,0,1
BRF:3
BRH:3
end_of_record
TN:
SF:src\components\product-card\hooks\use-product-card.ts
FN:7,useProductCardController
FN:14,canDrag
FN:15,collect
FN:26,drop
FNF:4
FNH:2
FNDA:7,useProductCardController
FNDA:0,canDrag
FNDA:14,collect
FNDA:0,drop
DA:1,1
DA:2,1
DA:3,1
DA:5,1
DA:7,1
DA:8,7
DA:9,7
DA:10,7
DA:11,7
DA:12,7
DA:13,7
DA:14,7
DA:15,7
DA:16,14
DA:17,14
DA:18,7
DA:19,7
DA:20,7
DA:23,7
DA:24,7
DA:25,7
DA:26,7
DA:27,0
DA:28,0
DA:29,0
DA:30,7
DA:31,7
DA:32,7
DA:34,7
DA:35,7
DA:37,7
DA:38,7
DA:39,7
DA:40,7
DA:41,7
LF:35
LH:32
BRDA:7,0,0,7
BRDA:11,1,0,7
BRDA:15,2,0,14
BRDA:16,3,0,0
BRDA:24,4,0,7
BRF:5
BRH:4
end_of_record
TN:
SF:src\layouts\main-layout\main-layout.tsx
FN:5,MainLayout
FNF:1
FNH:1
FNDA:2,MainLayout
DA:2,1
DA:3,1
DA:5,1
DA:6,2
DA:7,2
DA:8,2
DA:9,2
DA:10,2
DA:11,2
DA:12,2
DA:13,2
DA:14,2
DA:15,2
DA:16,2
DA:17,2
DA:18,2
DA:19,2
DA:20,2
DA:21,2
DA:22,2
DA:23,2
DA:24,2
DA:25,2
DA:27,2
DA:28,1
LF:25
LH:25
BRDA:5,0,0,2
BRF:1
BRH:1
end_of_record
TN:
SF:src\pages\editor\editor.tsx
FN:10,EditorPage
FNF:1
FNH:1
FNDA:5,EditorPage
DA:1,1
DA:2,1
DA:3,1
DA:4,1
DA:5,1
DA:6,1
DA:7,1
DA:8,1
DA:10,1
DA:11,5
DA:12,5
DA:13,5
DA:14,5
DA:15,5
DA:16,5
DA:17,5
DA:18,5
DA:19,5
DA:20,2
DA:21,5
DA:22,5
DA:23,5
DA:24,5
DA:25,5
DA:26,5
DA:27,1
DA:28,1
DA:29,1
DA:30,1
DA:31,1
DA:32,1
DA:33,1
DA:34,1
DA:35,1
DA:36,1
DA:37,1
DA:38,1
DA:39,1
DA:40,1
DA:41,1
DA:43,5
DA:44,5
DA:46,5
DA:48,1
LF:44
LH:44
BRDA:10,0,0,5
BRDA:26,1,0,1
BRDA:19,2,0,2
BRDA:33,3,0,1
BRF:4
BRH:4
end_of_record
TN:
SF:src\pages\editor\components\file-management-form\file-management-form.tsx
FN:8,FileManagementForm
FN:12,onSubmitHandler
FNF:2
FNH:2
FNDA:8,FileManagementForm
FNDA:1,onSubmitHandler
DA:8,1
DA:9,8
DA:10,8
DA:11,8
DA:12,8
DA:13,1
DA:14,1
DA:15,1
DA:16,1
DA:17,1
DA:18,8
DA:19,8
DA:20,8
DA:21,8
DA:22,8
DA:24,8
DA:26,8
DA:27,8
DA:28,8
DA:29,8
DA:30,8
DA:32,8
DA:33,8
DA:34,8
DA:35,8
DA:36,8
DA:37,8
DA:38,8
DA:39,8
DA:41,8
LF:30
LH:30
BRDA:8,0,0,8
BRDA:12,1,0,1
BRF:2
BRH:2
end_of_record
TN:
SF:src\pages\editor\components\product-file\product-file.tsx
FN:7,ProductFile
FNF:1
FNH:1
FNDA:1,ProductFile
DA:2,1
DA:3,1
DA:5,1
DA:7,1
DA:8,1
DA:9,1
DA:10,1
DA:11,1
DA:12,1
DA:13,1
DA:14,1
DA:15,1
DA:16,1
DA:17,1
DA:18,1
DA:19,1
DA:20,1
DA:21,1
DA:22,1
DA:23,1
DA:25,1
DA:26,1
DA:27,1
DA:28,1
DA:29,1
DA:31,1
DA:32,0
DA:34,1
DA:35,1
DA:36,1
DA:37,1
DA:39,1
DA:40,1
DA:42,1
DA:43,1
DA:44,1
DA:45,1
DA:46,1
DA:47,1
DA:48,1
DA:49,1
DA:50,1
DA:52,1
LF:43
LH:42
BRDA:7,0,0,1
BRDA:31,1,0,0
BRDA:42,2,0,1
BRF:3
BRH:2
end_of_record
TN:
SF:src\pages\editor\components\product-file\hooks\use-product-file.ts
FN:8,useProductFileController
FN:22,drop
FN:40,collect
FN:50,onSubmit
FN:59,setIsChangingAligment
FNF:5
FNH:4
FNDA:5,useProductFileController
FNDA:0,drop
FNDA:9,collect
FNDA:1,onSubmit
FNDA:1,setIsChangingAligment
DA:1,1
DA:2,1
DA:3,1
DA:4,1
DA:8,1
DA:9,5
DA:10,5
DA:11,5
DA:12,5
DA:13,5
DA:14,5
DA:15,5
DA:16,5
DA:17,5
DA:19,5
DA:20,5
DA:21,4
DA:22,4
DA:23,0
DA:24,0
DA:25,0
DA:26,0
DA:27,0
DA:28,0
DA:29,0
DA:30,0
DA:31,0
DA:32,0
DA:33,4
DA:34,5
DA:35,5
DA:37,5
DA:38,4
DA:39,4
DA:40,4
DA:41,9
DA:42,9
DA:43,5
DA:45,5
DA:46,4
DA:47,4
DA:48,5
DA:50,5
DA:51,1
DA:52,1
DA:53,1
DA:55,5
DA:56,5
DA:57,5
DA:58,5
DA:59,5
DA:60,5
DA:61,5
DA:62,5
DA:63,5
LF:55
LH:45
BRDA:8,0,0,5
BRDA:20,1,0,4
BRDA:37,2,0,4
BRDA:40,3,0,9
BRDA:41,4,0,0
BRDA:45,5,0,4
BRDA:50,6,0,1
BRDA:59,7,0,1
BRDA:59,8,0,1
BRF:9
BRH:8
end_of_record
TN:
SF:src\pages\editor\components\zoom-controls\zoom-controls.tsx
FN:3,ZoomControls
FN:8,onClick
FN:9,onClick
FN:10,onClick
FNF:4
FNH:4
FNDA:5,ZoomControls
FNDA:1,onClick
FNDA:1,onClick
FNDA:1,onClick
DA:1,1
DA:3,1
DA:4,5
DA:6,5
DA:7,5
DA:8,5
DA:9,5
DA:10,5
DA:11,5
DA:13,5
DA:15,1
LF:11
LH:11
BRDA:3,0,0,5
BRDA:8,1,0,1
BRDA:9,2,0,1
BRDA:10,3,0,1
BRF:4
BRH:4
end_of_record
TN:
SF:src\pages\editor\utils\generate-fake-products.ts
FN:4,generateFakeProduct
FNF:1
FNH:1
FNDA:9,generateFakeProduct
DA:1,1
DA:4,1
DA:5,9
DA:6,9
DA:7,9
DA:8,9
DA:9,9
LF:7
LH:7
BRDA:4,0,0,9
BRF:1
BRH:1
end_of_record
TN:
SF:src\pages\store\editor.ts
FN:25,addProduct
FN:44,addFile
FN:51,swapFiles
FN:67,swapProducts
FN:112,updateSelectableProducts
FN:125,updateFileAligment
FN:132,deleteProduct
FNF:7
FNH:7
FNDA:4,addProduct
FNDA:8,addFile
FNDA:1,swapFiles
FNDA:1,swapProducts
FNDA:1,updateSelectableProducts
FNDA:1,updateFileAligment
FNDA:1,deleteProduct
DA:1,1
DA:3,1
DA:4,1
DA:22,1
DA:23,2
DA:24,2
DA:25,2
DA:26,4
DA:27,4
DA:28,6
DA:29,4
DA:30,4
DA:31,4
DA:32,4
DA:33,4
DA:34,4
DA:35,4
DA:36,2
DA:37,2
DA:38,2
DA:39,2
DA:40,4
DA:41,4
DA:42,4
DA:43,4
DA:44,2
DA:45,8
DA:46,8
DA:47,8
DA:48,8
DA:49,8
DA:50,8
DA:51,2
DA:52,1
DA:53,1
DA:54,1
DA:55,1
DA:56,1
DA:57,1
DA:58,1
DA:60,1
DA:61,1
DA:62,1
DA:63,1
DA:64,1
DA:65,1
DA:66,1
DA:67,2
DA:68,1
DA:69,1
DA:70,1
DA:71,1
DA:72,1
DA:74,1
DA:75,2
DA:76,2
DA:77,1
DA:78,1
DA:79,1
DA:80,2
DA:81,1
DA:82,1
DA:83,1
DA:84,2
DA:85,1
DA:87,1
DA:88,1
DA:89,1
DA:90,1
DA:91,1
DA:92,1
DA:93,0
DA:94,0
DA:96,1
DA:97,1
DA:98,1
DA:100,1
DA:101,1
DA:103,1
DA:104,1
DA:106,1
DA:107,1
DA:109,1
DA:110,1
DA:111,1
DA:112,2
DA:113,1
DA:114,1
DA:115,1
DA:116,1
DA:117,1
DA:118,1
DA:119,1
DA:120,1
DA:121,1
DA:122,1
DA:123,1
DA:124,1
DA:125,2
DA:126,1
DA:127,1
DA:128,1
DA:129,1
DA:130,1
DA:131,1
DA:132,2
DA:133,1
DA:134,1
DA:135,1
DA:136,1
DA:137,1
DA:138,1
DA:139,1
LF:113
LH:111
BRDA:22,0,0,2
BRDA:24,1,0,6
BRDA:25,2,0,4
BRDA:26,3,0,4
BRDA:27,4,0,6
BRDA:28,5,0,4
BRDA:29,6,0,0
BRDA:30,7,0,0
BRDA:35,8,0,2
BRDA:38,9,0,1
BRDA:44,10,0,8
BRDA:45,11,0,8
BRDA:51,12,0,1
BRDA:52,13,0,1
BRDA:58,14,0,0
BRDA:55,15,0,1
BRDA:57,16,0,2
BRDA:67,17,0,1
BRDA:68,18,0,1
BRDA:92,19,0,0
BRDA:74,20,0,2
BRDA:75,21,0,2
BRDA:76,22,0,1
BRDA:80,23,0,1
BRDA:112,24,0,1
BRDA:113,25,0,1
BRDA:117,26,0,0
BRDA:115,27,0,1
BRDA:125,28,0,1
BRDA:126,29,0,1
BRDA:127,30,0,1
BRDA:128,31,0,0
BRDA:132,32,0,1
BRDA:133,33,0,1
BRDA:134,34,0,1
BRDA:136,35,0,1
BRF:36
BRH:30
end_of_record
